{
  "stats": {
    "suites": 1,
    "tests": 9,
    "passes": 9,
    "pending": 0,
    "failures": 0,
    "start": "2025-12-02T12:16:02.595Z",
    "end": "2025-12-02T12:16:24.349Z",
    "duration": 21754,
    "testsRegistered": 9,
    "passPercent": 100,
    "pendingPercent": 0,
    "other": 0,
    "hasOther": false,
    "skipped": 0,
    "hasSkipped": false
  },
  "results": [
    {
      "uuid": "3c37e0f9-7f57-4c40-b168-37cb546cf4e9",
      "title": "",
      "fullFile": "cypress\\e2e\\testesPerfil.cy.js",
      "file": "cypress\\e2e\\testesPerfil.cy.js",
      "beforeHooks": [],
      "afterHooks": [],
      "tests": [],
      "suites": [
        {
          "uuid": "69c3ea5a-dba4-4cdb-9032-2d59736a7c16",
          "title": "UserProfile Component",
          "fullFile": "",
          "file": "",
          "beforeHooks": [],
          "afterHooks": [],
          "tests": [
            {
              "title": "Renderiza Perfil do Usuário",
              "fullTitle": "UserProfile Component Renderiza Perfil do Usuário",
              "timedOut": null,
              "duration": 2683,
              "state": "passed",
              "speed": "fast",
              "pass": true,
              "fail": false,
              "pending": false,
              "context": null,
              "code": "cy.contains(\"Perfil do Usuário\").should(\"exist\");",
              "err": {},
              "uuid": "2d8e72dc-085e-4ecf-b42c-76098c0eb073",
              "parentUUID": "69c3ea5a-dba4-4cdb-9032-2d59736a7c16",
              "isHook": false,
              "skipped": false
            },
            {
              "title": "Alterna estado de edição ao clicar em Editar Perfil",
              "fullTitle": "UserProfile Component Alterna estado de edição ao clicar em Editar Perfil",
              "timedOut": null,
              "duration": 1898,
              "state": "passed",
              "speed": "fast",
              "pass": true,
              "fail": false,
              "pending": false,
              "context": null,
              "code": "cy.contains(\"Editar Perfil\").click();\ncy.contains(\"Cancelar\").should(\"exist\");",
              "err": {},
              "uuid": "8af76f6a-365b-412e-b809-54759144d3ad",
              "parentUUID": "69c3ea5a-dba4-4cdb-9032-2d59736a7c16",
              "isHook": false,
              "skipped": false
            },
            {
              "title": "Habilita inputs ao entrar no modo edição",
              "fullTitle": "UserProfile Component Habilita inputs ao entrar no modo edição",
              "timedOut": null,
              "duration": 1705,
              "state": "passed",
              "speed": "fast",
              "pass": true,
              "fail": false,
              "pending": false,
              "context": null,
              "code": "cy.contains(\"Editar Perfil\").click();\ncy.get(\"input[type='number']\").first().should(\"not.be.disabled\");",
              "err": {},
              "uuid": "d398db86-db22-414d-96d5-becd81a62e85",
              "parentUUID": "69c3ea5a-dba4-4cdb-9032-2d59736a7c16",
              "isHook": false,
              "skipped": false
            },
            {
              "title": "Desabilita inputs quando não está editando",
              "fullTitle": "UserProfile Component Desabilita inputs quando não está editando",
              "timedOut": null,
              "duration": 1835,
              "state": "passed",
              "speed": "fast",
              "pass": true,
              "fail": false,
              "pending": false,
              "context": null,
              "code": "cy.get(\"input[type='number']\").first().should(\"be.disabled\");",
              "err": {},
              "uuid": "d6cc4ca6-1d8a-4b21-83a3-56be3bbc20da",
              "parentUUID": "69c3ea5a-dba4-4cdb-9032-2d59736a7c16",
              "isHook": false,
              "skipped": false
            },
            {
              "title": "Permite alterar sexo",
              "fullTitle": "UserProfile Component Permite alterar sexo",
              "timedOut": null,
              "duration": 2104,
              "state": "passed",
              "speed": "fast",
              "pass": true,
              "fail": false,
              "pending": false,
              "context": null,
              "code": "cy.contains(\"Editar Perfil\").click();\ncy.contains(\"Sexo\").parent().find(\"button\").click();\ncy.contains(\"Feminino\").click();\ncy.contains(\"Feminino\").should(\"exist\");",
              "err": {},
              "uuid": "5af89c2d-947f-412c-9a56-b62ad1d1a202",
              "parentUUID": "69c3ea5a-dba4-4cdb-9032-2d59736a7c16",
              "isHook": false,
              "skipped": false
            },
            {
              "title": "Abre select de nível de atividade",
              "fullTitle": "UserProfile Component Abre select de nível de atividade",
              "timedOut": null,
              "duration": 1999,
              "state": "passed",
              "speed": "fast",
              "pass": true,
              "fail": false,
              "pending": false,
              "context": null,
              "code": "cy.contains(\"Editar Perfil\").click();\ncy.contains(\"Nível de Atividade\").parent().find(\"button\").click();\ncy.contains(\"Moderadamente ativo\").should(\"exist\");",
              "err": {},
              "uuid": "abc4e78b-7e53-4da7-b9e7-f6166431c70d",
              "parentUUID": "69c3ea5a-dba4-4cdb-9032-2d59736a7c16",
              "isHook": false,
              "skipped": false
            },
            {
              "title": "Permite alterar idade",
              "fullTitle": "UserProfile Component Permite alterar idade",
              "timedOut": null,
              "duration": 2459,
              "state": "passed",
              "speed": "fast",
              "pass": true,
              "fail": false,
              "pending": false,
              "context": null,
              "code": "cy.contains(\"Editar Perfil\").click();\ncy.contains(\"Idade\").parent().find(\"input\").clear().type(\"30\");\ncy.contains(\"Salvar\").click();",
              "err": {},
              "uuid": "1abae94d-7466-49ae-980b-d1d19257adad",
              "parentUUID": "69c3ea5a-dba4-4cdb-9032-2d59736a7c16",
              "isHook": false,
              "skipped": false
            },
            {
              "title": "Salva ao clicar em salvar",
              "fullTitle": "UserProfile Component Salva ao clicar em salvar",
              "timedOut": null,
              "duration": 1974,
              "state": "passed",
              "speed": "fast",
              "pass": true,
              "fail": false,
              "pending": false,
              "context": null,
              "code": "cy.contains(\"Editar Perfil\").click();\ncy.contains(\"Salvar\").click();",
              "err": {},
              "uuid": "ab7dece5-a830-4e0d-b5c0-ebc9def060cc",
              "parentUUID": "69c3ea5a-dba4-4cdb-9032-2d59736a7c16",
              "isHook": false,
              "skipped": false
            },
            {
              "title": "Cancelar restaura valores anteriores",
              "fullTitle": "UserProfile Component Cancelar restaura valores anteriores",
              "timedOut": null,
              "duration": 2563,
              "state": "passed",
              "speed": "fast",
              "pass": true,
              "fail": false,
              "pending": false,
              "context": null,
              "code": "cy.contains(\"Editar Perfil\").click();\ncy.contains(\"Idade\").parent().find(\"input\").clear().type(\"10\");\ncy.contains(\"Cancelar\").click();\ncy.contains(\"Idade\").parent().find(\"input\").should(\"not.have.value\", \"10\");",
              "err": {},
              "uuid": "69f3e68e-5af1-4aec-888c-7ab9fb6adf59",
              "parentUUID": "69c3ea5a-dba4-4cdb-9032-2d59736a7c16",
              "isHook": false,
              "skipped": false
            }
          ],
          "suites": [],
          "passes": [
            "2d8e72dc-085e-4ecf-b42c-76098c0eb073",
            "8af76f6a-365b-412e-b809-54759144d3ad",
            "d398db86-db22-414d-96d5-becd81a62e85",
            "d6cc4ca6-1d8a-4b21-83a3-56be3bbc20da",
            "5af89c2d-947f-412c-9a56-b62ad1d1a202",
            "abc4e78b-7e53-4da7-b9e7-f6166431c70d",
            "1abae94d-7466-49ae-980b-d1d19257adad",
            "ab7dece5-a830-4e0d-b5c0-ebc9def060cc",
            "69f3e68e-5af1-4aec-888c-7ab9fb6adf59"
          ],
          "failures": [],
          "pending": [],
          "skipped": [],
          "duration": 19220,
          "root": false,
          "rootEmpty": false,
          "_timeout": 2000
        }
      ],
      "passes": [],
      "failures": [],
      "pending": [],
      "skipped": [],
      "duration": 0,
      "root": true,
      "rootEmpty": true,
      "_timeout": 2000
    }
  ],
  "meta": {
    "mocha": {
      "version": "7.2.0"
    },
    "mochawesome": {
      "options": {
        "quiet": false,
        "reportFilename": "mochawesome",
        "saveHtml": true,
        "saveJson": true,
        "consoleReporter": "spec",
        "useInlineDiffs": false,
        "code": true
      },
      "version": "7.1.4"
    },
    "marge": {
      "options": {
        "reportDir": "cypress/reports/mochawesome",
        "overwrite": true,
        "html": true,
        "json": true
      },
      "version": "6.3.2"
    }
  }
}