{
  "stats": {
    "suites": 1,
    "tests": 1,
    "passes": 0,
    "pending": 0,
    "failures": 1,
    "start": "2025-12-01T17:10:49.237Z",
    "end": "2025-12-01T17:10:59.242Z",
    "duration": 10005,
    "testsRegistered": 18,
    "passPercent": 0,
    "pendingPercent": 0,
    "other": 0,
    "hasOther": false,
    "skipped": 17,
    "hasSkipped": true
  },
  "results": [
    {
      "uuid": "d45b3484-ae97-4573-9c15-3e84fa54d30d",
      "title": "",
      "fullFile": "cypress\\e2e\\testesPerfil.cy.js",
      "file": "cypress\\e2e\\testesPerfil.cy.js",
      "beforeHooks": [],
      "afterHooks": [],
      "tests": [],
      "suites": [
        {
          "uuid": "d3e308aa-c79a-4427-817b-5c0db46f6e03",
          "title": "UserProfile Component",
          "fullFile": "",
          "file": "",
          "beforeHooks": [],
          "afterHooks": [],
          "tests": [
            {
              "title": "Renderiza Perfil do Usuário",
              "fullTitle": "UserProfile Component Renderiza Perfil do Usuário",
              "timedOut": null,
              "duration": 6055,
              "state": "failed",
              "speed": null,
              "pass": false,
              "fail": true,
              "pending": false,
              "context": null,
              "code": "cy.contains(\"Perfil do Usuário\").should(\"exist\");",
              "err": {
                "message": "AssertionError: Timed out retrying after 4000ms: Expected to find content: 'Perfil' but never did.\n\nBecause this error occurred during a `before each` hook we are skipping the remaining tests in the current suite: `UserProfile Component`",
                "estack": "AssertionError: Timed out retrying after 4000ms: Expected to find content: 'Perfil' but never did.\n\nBecause this error occurred during a `before each` hook we are skipping the remaining tests in the current suite: `UserProfile Component`\n    at Context.eval (webpack:///./cypress/e2e/testesPerfil.cy.js:5:7)",
                "diff": null
              },
              "uuid": "5b8c52fd-3a32-4a84-a57e-f5b41f21b4a6",
              "parentUUID": "d3e308aa-c79a-4427-817b-5c0db46f6e03",
              "isHook": false,
              "skipped": false
            },
            {
              "title": "Alterna estado de edição ao clicar em Editar Perfil",
              "fullTitle": "UserProfile Component Alterna estado de edição ao clicar em Editar Perfil",
              "timedOut": null,
              "duration": 0,
              "state": "skipped",
              "speed": null,
              "pass": false,
              "fail": false,
              "pending": false,
              "context": null,
              "code": "cy.contains(\"Editar Perfil\").click();\ncy.contains(\"Cancelar\").should(\"exist\");",
              "err": {},
              "uuid": "41e3a844-30ec-45a6-8418-93efc192ebb2",
              "parentUUID": "d3e308aa-c79a-4427-817b-5c0db46f6e03",
              "isHook": false,
              "skipped": true
            },
            {
              "title": "Habilita inputs ao entrar no modo edição",
              "fullTitle": "UserProfile Component Habilita inputs ao entrar no modo edição",
              "timedOut": null,
              "duration": 0,
              "state": "skipped",
              "speed": null,
              "pass": false,
              "fail": false,
              "pending": false,
              "context": null,
              "code": "cy.contains(\"Editar Perfil\").click();\ncy.get(\"input[type='number']\").first().should(\"not.be.disabled\");",
              "err": {},
              "uuid": "bfb09404-d99e-4176-8ee9-6b31c1c52926",
              "parentUUID": "d3e308aa-c79a-4427-817b-5c0db46f6e03",
              "isHook": false,
              "skipped": true
            },
            {
              "title": "Desabilita inputs quando não está editando",
              "fullTitle": "UserProfile Component Desabilita inputs quando não está editando",
              "timedOut": null,
              "duration": 0,
              "state": "skipped",
              "speed": null,
              "pass": false,
              "fail": false,
              "pending": false,
              "context": null,
              "code": "cy.get(\"input[type='number']\").first().should(\"be.disabled\");",
              "err": {},
              "uuid": "31cb2d1f-21a8-4934-afb6-386d3d095ad1",
              "parentUUID": "d3e308aa-c79a-4427-817b-5c0db46f6e03",
              "isHook": false,
              "skipped": true
            },
            {
              "title": "Permite alterar sexo",
              "fullTitle": "UserProfile Component Permite alterar sexo",
              "timedOut": null,
              "duration": 0,
              "state": "skipped",
              "speed": null,
              "pass": false,
              "fail": false,
              "pending": false,
              "context": null,
              "code": "cy.contains(\"Editar Perfil\").click();\ncy.contains(\"Sexo\").parent().find(\"button\").click();\ncy.contains(\"Mulher\").click();\ncy.contains(\"Mulher\").should(\"exist\");",
              "err": {},
              "uuid": "bf44e986-1085-4691-81d0-da3759ca4173",
              "parentUUID": "d3e308aa-c79a-4427-817b-5c0db46f6e03",
              "isHook": false,
              "skipped": true
            },
            {
              "title": "Abre select de nível de atividade",
              "fullTitle": "UserProfile Component Abre select de nível de atividade",
              "timedOut": null,
              "duration": 0,
              "state": "skipped",
              "speed": null,
              "pass": false,
              "fail": false,
              "pending": false,
              "context": null,
              "code": "cy.contains(\"Editar Perfil\").click();\ncy.contains(\"Nível de Atividade\").parent().find(\"button\").click();\ncy.contains(\"Moderadamente ativo\").should(\"exist\");",
              "err": {},
              "uuid": "e97ec145-3c5c-4883-8e1c-e8d4697d8a0c",
              "parentUUID": "d3e308aa-c79a-4427-817b-5c0db46f6e03",
              "isHook": false,
              "skipped": true
            },
            {
              "title": "Exibe descrição do nível de atividade quando não está editando",
              "fullTitle": "UserProfile Component Exibe descrição do nível de atividade quando não está editando",
              "timedOut": null,
              "duration": 0,
              "state": "skipped",
              "speed": null,
              "pass": false,
              "fail": false,
              "pending": false,
              "context": null,
              "code": "cy.contains(\"Moderadamente ativo\").should(\"exist\");",
              "err": {},
              "uuid": "9825ed31-b3a9-4344-a100-34bfde3d40a9",
              "parentUUID": "d3e308aa-c79a-4427-817b-5c0db46f6e03",
              "isHook": false,
              "skipped": true
            },
            {
              "title": "Permite alterar idade",
              "fullTitle": "UserProfile Component Permite alterar idade",
              "timedOut": null,
              "duration": 0,
              "state": "skipped",
              "speed": null,
              "pass": false,
              "fail": false,
              "pending": false,
              "context": null,
              "code": "cy.contains(\"Editar Perfil\").click();\ncy.contains(\"Idade\").parent().find(\"input\").clear().type(\"30\");\ncy.contains(\"Salvar\").click();",
              "err": {},
              "uuid": "e692a414-9f42-4639-b789-4faf56c9dd78",
              "parentUUID": "d3e308aa-c79a-4427-817b-5c0db46f6e03",
              "isHook": false,
              "skipped": true
            },
            {
              "title": "Salva ao clicar em salvar",
              "fullTitle": "UserProfile Component Salva ao clicar em salvar",
              "timedOut": null,
              "duration": 0,
              "state": "skipped",
              "speed": null,
              "pass": false,
              "fail": false,
              "pending": false,
              "context": null,
              "code": "cy.contains(\"Editar Perfil\").click();\ncy.contains(\"Salvar\").click();",
              "err": {},
              "uuid": "155f973d-5151-43ac-af83-f8568ae998ca",
              "parentUUID": "d3e308aa-c79a-4427-817b-5c0db46f6e03",
              "isHook": false,
              "skipped": true
            },
            {
              "title": "Cancelar restaura valores anteriores",
              "fullTitle": "UserProfile Component Cancelar restaura valores anteriores",
              "timedOut": null,
              "duration": 0,
              "state": "skipped",
              "speed": null,
              "pass": false,
              "fail": false,
              "pending": false,
              "context": null,
              "code": "cy.contains(\"Editar Perfil\").click();\ncy.contains(\"Idade\").parent().find(\"input\").clear().type(\"10\");\ncy.contains(\"Cancelar\").click();\ncy.contains(\"Idade\").parent().find(\"input\").should(\"not.have.value\", \"10\");",
              "err": {},
              "uuid": "e30933ce-74d8-4b4a-b5d2-0d403f1b4b4a",
              "parentUUID": "d3e308aa-c79a-4427-817b-5c0db46f6e03",
              "isHook": false,
              "skipped": true
            },
            {
              "title": "Exibe IMC corretamente",
              "fullTitle": "UserProfile Component Exibe IMC corretamente",
              "timedOut": null,
              "duration": 0,
              "state": "skipped",
              "speed": null,
              "pass": false,
              "fail": false,
              "pending": false,
              "context": null,
              "code": "cy.contains(\"IMC\").should(\"exist\");",
              "err": {},
              "uuid": "22a75d85-579f-4dad-acaf-7d24b6436f52",
              "parentUUID": "d3e308aa-c79a-4427-817b-5c0db46f6e03",
              "isHook": false,
              "skipped": true
            },
            {
              "title": "Exibe categoria do IMC",
              "fullTitle": "UserProfile Component Exibe categoria do IMC",
              "timedOut": null,
              "duration": 0,
              "state": "skipped",
              "speed": null,
              "pass": false,
              "fail": false,
              "pending": false,
              "context": null,
              "code": "cy.contains(/Abaixo do peso|Peso normal|Sobrepeso|Obesidade/).should(\"be.visible\");",
              "err": {},
              "uuid": "b6dbe16c-2958-4890-868b-c378de297c34",
              "parentUUID": "d3e308aa-c79a-4427-817b-5c0db46f6e03",
              "isHook": false,
              "skipped": true
            },
            {
              "title": "Renderiza taxa metabólica basal",
              "fullTitle": "UserProfile Component Renderiza taxa metabólica basal",
              "timedOut": null,
              "duration": 0,
              "state": "skipped",
              "speed": null,
              "pass": false,
              "fail": false,
              "pending": false,
              "context": null,
              "code": "cy.contains(\"TMB\").should(\"exist\");",
              "err": {},
              "uuid": "51462c5a-edc9-40ef-9866-57ce245f287b",
              "parentUUID": "d3e308aa-c79a-4427-817b-5c0db46f6e03",
              "isHook": false,
              "skipped": true
            },
            {
              "title": "Exibe calorias/dia com atividade",
              "fullTitle": "UserProfile Component Exibe calorias/dia com atividade",
              "timedOut": null,
              "duration": 0,
              "state": "skipped",
              "speed": null,
              "pass": false,
              "fail": false,
              "pending": false,
              "context": null,
              "code": "cy.contains(\"Calorias/dia\").should(\"exist\");",
              "err": {},
              "uuid": "833129d9-ab36-4598-a832-584841fa08f8",
              "parentUUID": "d3e308aa-c79a-4427-817b-5c0db46f6e03",
              "isHook": false,
              "skipped": true
            },
            {
              "title": "Botão Calcular Automaticamente preenche metas",
              "fullTitle": "UserProfile Component Botão Calcular Automaticamente preenche metas",
              "timedOut": null,
              "duration": 0,
              "state": "skipped",
              "speed": null,
              "pass": false,
              "fail": false,
              "pending": false,
              "context": null,
              "code": "cy.contains(\"Editar Perfil\").click();\ncy.contains(\"Calcular Automaticamente\").click();\ncy.contains(\"Calorias Diárias\").parent().find(\"input\").should(\"not.have.value\", \"\");",
              "err": {},
              "uuid": "4fc0eed7-4e00-4a6c-bf0d-704616a5a5b6",
              "parentUUID": "d3e308aa-c79a-4427-817b-5c0db46f6e03",
              "isHook": false,
              "skipped": true
            },
            {
              "title": "Permite alterar metas nutricionais",
              "fullTitle": "UserProfile Component Permite alterar metas nutricionais",
              "timedOut": null,
              "duration": 0,
              "state": "skipped",
              "speed": null,
              "pass": false,
              "fail": false,
              "pending": false,
              "context": null,
              "code": "cy.contains(\"Editar Perfil\").click();\ncy.contains(\"Calorias Diárias\").parent().find(\"input\").clear().type(\"2000\");\ncy.contains(\"Salvar Metas\").click();",
              "err": {},
              "uuid": "77e3e0f4-6a62-4a86-a995-8a84926a4237",
              "parentUUID": "d3e308aa-c79a-4427-817b-5c0db46f6e03",
              "isHook": false,
              "skipped": true
            },
            {
              "title": "Renderiza distribuição de macronutrientes",
              "fullTitle": "UserProfile Component Renderiza distribuição de macronutrientes",
              "timedOut": null,
              "duration": 0,
              "state": "skipped",
              "speed": null,
              "pass": false,
              "fail": false,
              "pending": false,
              "context": null,
              "code": "cy.contains(\"Proteína\").should(\"exist\");\ncy.contains(\"Carboidratos\").should(\"exist\");\ncy.contains(\"Gordura\").should(\"exist\");",
              "err": {},
              "uuid": "bb61264e-ad5d-49e9-a3d4-bbfe10220868",
              "parentUUID": "d3e308aa-c79a-4427-817b-5c0db46f6e03",
              "isHook": false,
              "skipped": true
            },
            {
              "title": "Smoke test geral do UserProfile",
              "fullTitle": "UserProfile Component Smoke test geral do UserProfile",
              "timedOut": null,
              "duration": 0,
              "state": "skipped",
              "speed": null,
              "pass": false,
              "fail": false,
              "pending": false,
              "context": null,
              "code": "cy.contains(\"Perfil do Usuário\").should(\"exist\");\ncy.contains(\"Métricas de Saúde\").should(\"exist\");\ncy.contains(\"Metas Nutricionais\").should(\"exist\");",
              "err": {},
              "uuid": "ac7ea3d3-0e8c-4dcc-8bf6-3bb4a34fa0cf",
              "parentUUID": "d3e308aa-c79a-4427-817b-5c0db46f6e03",
              "isHook": false,
              "skipped": true
            }
          ],
          "suites": [],
          "passes": [],
          "failures": [
            "5b8c52fd-3a32-4a84-a57e-f5b41f21b4a6"
          ],
          "pending": [],
          "skipped": [
            "41e3a844-30ec-45a6-8418-93efc192ebb2",
            "bfb09404-d99e-4176-8ee9-6b31c1c52926",
            "31cb2d1f-21a8-4934-afb6-386d3d095ad1",
            "bf44e986-1085-4691-81d0-da3759ca4173",
            "e97ec145-3c5c-4883-8e1c-e8d4697d8a0c",
            "9825ed31-b3a9-4344-a100-34bfde3d40a9",
            "e692a414-9f42-4639-b789-4faf56c9dd78",
            "155f973d-5151-43ac-af83-f8568ae998ca",
            "e30933ce-74d8-4b4a-b5d2-0d403f1b4b4a",
            "22a75d85-579f-4dad-acaf-7d24b6436f52",
            "b6dbe16c-2958-4890-868b-c378de297c34",
            "51462c5a-edc9-40ef-9866-57ce245f287b",
            "833129d9-ab36-4598-a832-584841fa08f8",
            "4fc0eed7-4e00-4a6c-bf0d-704616a5a5b6",
            "77e3e0f4-6a62-4a86-a995-8a84926a4237",
            "bb61264e-ad5d-49e9-a3d4-bbfe10220868",
            "ac7ea3d3-0e8c-4dcc-8bf6-3bb4a34fa0cf"
          ],
          "duration": 6055,
          "root": false,
          "rootEmpty": false,
          "_timeout": 2000
        }
      ],
      "passes": [],
      "failures": [],
      "pending": [],
      "skipped": [],
      "duration": 0,
      "root": true,
      "rootEmpty": true,
      "_timeout": 2000
    }
  ],
  "meta": {
    "mocha": {
      "version": "7.2.0"
    },
    "mochawesome": {
      "options": {
        "quiet": false,
        "reportFilename": "mochawesome",
        "saveHtml": true,
        "saveJson": true,
        "consoleReporter": "spec",
        "useInlineDiffs": false,
        "code": true
      },
      "version": "7.1.4"
    },
    "marge": {
      "options": {
        "reportDir": "cypress/reports/mochawesome",
        "overwrite": true,
        "html": true,
        "json": true
      },
      "version": "6.3.2"
    }
  }
}