{"uuid":"19040226-1024-491a-921c-c18469d6b703","name":"\"before each\" hook","children":["3c069456-49c1-4096-b33c-4edeacd87dcb"],"befores":[{"status":"failed","statusDetails":{"message":"Timed out retrying after 4000ms: Expected to find element: `[role='combobox']`, but never found it.","trace":"AssertionError: Timed out retrying after 4000ms: Expected to find element: `[role='combobox']`, but never found it.\n    at Context.eval (webpack:///./cypress/e2e/testesHistorico.cy.js:8:5)"},"stage":"finished","steps":[{"status":"passed","statusDetails":{},"stage":"finished","steps":[],"attachments":[],"parameters":[{"name":"Resolved Url","value":"http://localhost:5173/"},{"name":"Redirects","value":"[]"},{"name":"Cookies Set","value":"[]"}],"start":1764646271168,"name":"visit http://localhost:5173","stop":1764646271830},{"status":"failed","statusDetails":{"message":"Timed out retrying after 4000ms: Expected to find element: `[role='combobox']`, but never found it.","trace":"AssertionError: Timed out retrying after 4000ms: Expected to find element: `[role='combobox']`, but never found it.\n    at Context.eval (webpack:///./cypress/e2e/testesHistorico.cy.js:8:5)"},"stage":"finished","steps":[],"attachments":[],"parameters":[{"name":"Selector","value":"[role='combobox']"},{"name":"Elements","value":"0"}],"start":1764646271832,"name":"get [role='combobox']","stop":1764646275845}],"attachments":[],"parameters":[],"start":1764646271130,"name":"\"before each\" hook","stop":1764646275845}],"afters":[]}